[2025-06-02 16:38:53Z INFO HostContext] No proxy settings were found based on environmental variables (http_proxy/https_proxy/HTTP_PROXY/HTTPS_PROXY)
[2025-06-02 16:38:53Z INFO HostContext] Well known directory 'Bin': '/Users/gnanamuthup/Documents/Github/UploadResume/actions-runner/bin'
[2025-06-02 16:38:53Z INFO HostContext] Well known directory 'Root': '/Users/gnanamuthup/Documents/Github/UploadResume/actions-runner'
[2025-06-02 16:38:53Z INFO HostContext] Well known config file 'Credentials': '/Users/gnanamuthup/Documents/Github/UploadResume/actions-runner/.credentials'
[2025-06-02 16:38:53Z INFO HostContext] Well known directory 'Bin': '/Users/gnanamuthup/Documents/Github/UploadResume/actions-runner/bin'
[2025-06-02 16:38:53Z INFO HostContext] Well known directory 'Root': '/Users/gnanamuthup/Documents/Github/UploadResume/actions-runner'
[2025-06-02 16:38:53Z INFO HostContext] Well known config file 'Runner': '/Users/gnanamuthup/Documents/Github/UploadResume/actions-runner/.runner'
[2025-06-02 16:38:53Z INFO Listener] Runner is built for OSX (X64) - osx-x64.
[2025-06-02 16:38:53Z INFO Listener] RuntimeInformation: Darwin 23.4.0 Darwin Kernel Version 23.4.0: Wed Feb 21 21:51:37 PST 2024; root:xnu-10063.101.15~2/RELEASE_ARM64_T8112.
[2025-06-02 16:38:53Z INFO Listener] Version: 2.324.0
[2025-06-02 16:38:53Z INFO Listener] Commit: da3412efd49b1cf1a0fbdcbcee4e4ac4cc2177c8
[2025-06-02 16:38:53Z INFO Listener] Culture: en-IN
[2025-06-02 16:38:53Z INFO Listener] UI Culture: en-IN
[2025-06-02 16:38:53Z INFO HostContext] Well known directory 'Bin': '/Users/gnanamuthup/Documents/Github/UploadResume/actions-runner/bin'
[2025-06-02 16:38:53Z INFO HostContext] Well known directory 'Root': '/Users/gnanamuthup/Documents/Github/UploadResume/actions-runner'
[2025-06-02 16:38:53Z INFO Listener] Validating directory permissions for: '/Users/gnanamuthup/Documents/Github/UploadResume/actions-runner'
[2025-06-02 16:38:53Z INFO CommandLineParser] Parse
[2025-06-02 16:38:53Z INFO CommandLineParser] Parsing 5 args
[2025-06-02 16:38:53Z INFO CommandLineParser] parsing argument
[2025-06-02 16:38:53Z INFO CommandLineParser] HasArgs: False
[2025-06-02 16:38:53Z INFO CommandLineParser] Adding Command: configure
[2025-06-02 16:38:53Z INFO CommandLineParser] parsing argument
[2025-06-02 16:38:53Z INFO CommandLineParser] HasArgs: True
[2025-06-02 16:38:53Z INFO CommandLineParser] arg: url
[2025-06-02 16:38:53Z INFO CommandLineParser] parsing argument
[2025-06-02 16:38:53Z INFO CommandLineParser] HasArgs: True
[2025-06-02 16:38:53Z INFO CommandLineParser] Adding option 'url': 'https://github.com/Gnana-Muthu/UploadResume'
[2025-06-02 16:38:53Z INFO CommandLineParser] parsing argument
[2025-06-02 16:38:53Z INFO CommandLineParser] HasArgs: True
[2025-06-02 16:38:53Z INFO CommandLineParser] arg: token
[2025-06-02 16:38:53Z INFO CommandLineParser] parsing argument
[2025-06-02 16:38:53Z INFO CommandLineParser] HasArgs: True
[2025-06-02 16:38:53Z INFO CommandLineParser] Adding option 'token': '***'
[2025-06-02 16:38:53Z INFO Listener] Arguments parsed
[2025-06-02 16:38:54Z INFO Runner] ExecuteCommand
[2025-06-02 16:38:54Z INFO ConfigurationStore] currentAssemblyLocation: /Users/gnanamuthup/Documents/Github/UploadResume/actions-runner/bin/Runner.Listener.dll
[2025-06-02 16:38:54Z INFO HostContext] Well known directory 'Bin': '/Users/gnanamuthup/Documents/Github/UploadResume/actions-runner/bin'
[2025-06-02 16:38:54Z INFO ConfigurationStore] binPath: /Users/gnanamuthup/Documents/Github/UploadResume/actions-runner/bin
[2025-06-02 16:38:54Z INFO HostContext] Well known directory 'Bin': '/Users/gnanamuthup/Documents/Github/UploadResume/actions-runner/bin'
[2025-06-02 16:38:54Z INFO HostContext] Well known directory 'Root': '/Users/gnanamuthup/Documents/Github/UploadResume/actions-runner'
[2025-06-02 16:38:54Z INFO ConfigurationStore] RootFolder: /Users/gnanamuthup/Documents/Github/UploadResume/actions-runner
[2025-06-02 16:38:54Z INFO HostContext] Well known directory 'Bin': '/Users/gnanamuthup/Documents/Github/UploadResume/actions-runner/bin'
[2025-06-02 16:38:54Z INFO HostContext] Well known directory 'Root': '/Users/gnanamuthup/Documents/Github/UploadResume/actions-runner'
[2025-06-02 16:38:54Z INFO HostContext] Well known config file 'Runner': '/Users/gnanamuthup/Documents/Github/UploadResume/actions-runner/.runner'
[2025-06-02 16:38:54Z INFO ConfigurationStore] ConfigFilePath: /Users/gnanamuthup/Documents/Github/UploadResume/actions-runner/.runner
[2025-06-02 16:38:54Z INFO HostContext] Well known directory 'Bin': '/Users/gnanamuthup/Documents/Github/UploadResume/actions-runner/bin'
[2025-06-02 16:38:54Z INFO HostContext] Well known directory 'Root': '/Users/gnanamuthup/Documents/Github/UploadResume/actions-runner'
[2025-06-02 16:38:54Z INFO HostContext] Well known config file 'MigratedRunner': '/Users/gnanamuthup/Documents/Github/UploadResume/actions-runner/.runner_migrated'
[2025-06-02 16:38:54Z INFO ConfigurationStore] MigratedConfigFilePath: /Users/gnanamuthup/Documents/Github/UploadResume/actions-runner/.runner_migrated
[2025-06-02 16:38:54Z INFO HostContext] Well known directory 'Bin': '/Users/gnanamuthup/Documents/Github/UploadResume/actions-runner/bin'
[2025-06-02 16:38:54Z INFO HostContext] Well known directory 'Root': '/Users/gnanamuthup/Documents/Github/UploadResume/actions-runner'
[2025-06-02 16:38:54Z INFO HostContext] Well known config file 'Credentials': '/Users/gnanamuthup/Documents/Github/UploadResume/actions-runner/.credentials'
[2025-06-02 16:38:54Z INFO ConfigurationStore] CredFilePath: /Users/gnanamuthup/Documents/Github/UploadResume/actions-runner/.credentials
[2025-06-02 16:38:54Z INFO HostContext] Well known directory 'Bin': '/Users/gnanamuthup/Documents/Github/UploadResume/actions-runner/bin'
[2025-06-02 16:38:54Z INFO HostContext] Well known directory 'Root': '/Users/gnanamuthup/Documents/Github/UploadResume/actions-runner'
[2025-06-02 16:38:54Z INFO HostContext] Well known config file 'MigratedCredentials': '/Users/gnanamuthup/Documents/Github/UploadResume/actions-runner/.credentials_migrated'
[2025-06-02 16:38:54Z INFO ConfigurationStore] MigratedCredFilePath: /Users/gnanamuthup/Documents/Github/UploadResume/actions-runner/.credentials_migrated
[2025-06-02 16:38:54Z INFO HostContext] Well known directory 'Bin': '/Users/gnanamuthup/Documents/Github/UploadResume/actions-runner/bin'
[2025-06-02 16:38:54Z INFO HostContext] Well known directory 'Root': '/Users/gnanamuthup/Documents/Github/UploadResume/actions-runner'
[2025-06-02 16:38:54Z INFO HostContext] Well known config file 'Service': '/Users/gnanamuthup/Documents/Github/UploadResume/actions-runner/.service'
[2025-06-02 16:38:54Z INFO ConfigurationStore] ServiceConfigFilePath: /Users/gnanamuthup/Documents/Github/UploadResume/actions-runner/.service
[2025-06-02 16:38:54Z INFO CommandSettings] Flag 'help': 'False'
[2025-06-02 16:38:54Z INFO CommandSettings] Flag 'version': 'False'
[2025-06-02 16:38:54Z INFO CommandSettings] Flag 'commit': 'False'
[2025-06-02 16:38:54Z INFO CommandSettings] Flag 'check': 'False'
[2025-06-02 16:38:54Z INFO CommandSettings] Command 'configure': 'True'
[2025-06-02 16:38:54Z INFO Terminal] WRITE LINE: 
[2025-06-02 16:38:54Z INFO Terminal] WRITE LINE: --------------------------------------------------------------------------------
[2025-06-02 16:38:54Z INFO Terminal] WRITE LINE: |        ____ _ _   _   _       _          _        _   _                      |
[2025-06-02 16:38:54Z INFO Terminal] WRITE LINE: |       / ___(_) |_| | | |_   _| |__      / \   ___| |_(_) ___  _ __  ___      |
[2025-06-02 16:38:54Z INFO Terminal] WRITE LINE: |      | |  _| | __| |_| | | | | '_ \    / _ \ / __| __| |/ _ \| '_ \/ __|     |
[2025-06-02 16:38:54Z INFO Terminal] WRITE LINE: |      | |_| | | |_|  _  | |_| | |_) |  / ___ \ (__| |_| | (_) | | | \__ \     |
[2025-06-02 16:38:54Z INFO Terminal] WRITE LINE: |       \____|_|\__|_| |_|\__,_|_.__/  /_/   \_\___|\__|_|\___/|_| |_|___/     |
[2025-06-02 16:38:54Z INFO Terminal] WRITE LINE: |                                                                              |
[2025-06-02 16:38:54Z INFO Terminal] WRITE: |                       
[2025-06-02 16:38:54Z INFO Terminal] WRITE: Self-hosted runner registration
[2025-06-02 16:38:54Z INFO Terminal] WRITE LINE:                         |
[2025-06-02 16:38:54Z INFO Terminal] WRITE LINE: |                                                                              |
[2025-06-02 16:38:54Z INFO Terminal] WRITE LINE: --------------------------------------------------------------------------------
[2025-06-02 16:38:54Z INFO ConfigurationManager] ConfigureAsync
[2025-06-02 16:38:54Z INFO CommandSettings] Flag 'generateServiceConfig': 'False'
[2025-06-02 16:38:54Z INFO ConfigurationStore] IsConfigured()
[2025-06-02 16:38:54Z INFO ConfigurationStore] IsConfigured: False
[2025-06-02 16:38:54Z INFO ConfigurationManager] Is configured: False
[2025-06-02 16:38:54Z INFO CommandSettings] Arg 'url': 'https://github.com/Gnana-Muthu/UploadResume'
[2025-06-02 16:38:54Z INFO CommandSettings] Remove url from Arg dictionary.
[2025-06-02 16:38:54Z INFO CommandSettings] Arg 'token': '***'
[2025-06-02 16:38:54Z INFO CommandSettings] Remove token from Arg dictionary.
[2025-06-02 16:39:01Z INFO ConfigurationManager] Http response code: OK from 'POST https://api.github.com/actions/runner-registration' (249A:1E7AAD:D1AEB7:10C9ED8:683DD3A4)
[2025-06-02 16:39:01Z INFO ConfigurationManager] Using V2 flow: False
[2025-06-02 16:39:01Z INFO ConfigurationManager] cred retrieved via GitHub auth
[2025-06-02 16:39:01Z INFO RunnerServer] EstablishVssConnection
[2025-06-02 16:39:01Z INFO RunnerServer] Establish connection with 100 seconds timeout.
[2025-06-02 16:39:02Z INFO GitHubActionsService] Starting operation Location.GetConnectionData
[2025-06-02 16:39:02Z INFO RunnerServer] EstablishVssConnection
[2025-06-02 16:39:02Z INFO RunnerServer] Establish connection with 60 seconds timeout.
[2025-06-02 16:39:02Z INFO GitHubActionsService] Starting operation Location.GetConnectionData
[2025-06-02 16:39:02Z INFO RunnerServer] EstablishVssConnection
[2025-06-02 16:39:02Z INFO RunnerServer] Establish connection with 60 seconds timeout.
[2025-06-02 16:39:02Z INFO GitHubActionsService] Starting operation Location.GetConnectionData
[2025-06-02 16:39:06Z INFO GitHubActionsService] Finished operation Location.GetConnectionData
[2025-06-02 16:39:06Z INFO GitHubActionsService] Finished operation Location.GetConnectionData
[2025-06-02 16:39:06Z INFO GitHubActionsService] Finished operation Location.GetConnectionData
[2025-06-02 16:39:06Z INFO Terminal] WRITE LINE: 
[2025-06-02 16:39:06Z INFO ConfigurationManager] Test Connection complete.
[2025-06-02 16:39:06Z INFO HostContext] Well known directory 'Bin': '/Users/gnanamuthup/Documents/Github/UploadResume/actions-runner/bin'
[2025-06-02 16:39:06Z INFO HostContext] Well known directory 'Root': '/Users/gnanamuthup/Documents/Github/UploadResume/actions-runner'
[2025-06-02 16:39:06Z INFO HostContext] Well known config file 'RSACredentials': '/Users/gnanamuthup/Documents/Github/UploadResume/actions-runner/.credentials_rsaparams'
[2025-06-02 16:39:06Z INFO RSAFileKeyManager] Creating new RSA key using 2048-bit key length
[2025-06-02 16:39:06Z INFO RSAFileKeyManager] Successfully saved RSA key parameters to file /Users/gnanamuthup/Documents/Github/UploadResume/actions-runner/.credentials_rsaparams
[2025-06-02 16:39:06Z INFO RSAFileKeyManager] Which2: 'chmod'
[2025-06-02 16:39:06Z INFO RSAFileKeyManager] Location: '/bin/chmod'
[2025-06-02 16:39:06Z INFO HostContext] Well known directory 'Bin': '/Users/gnanamuthup/Documents/Github/UploadResume/actions-runner/bin'
[2025-06-02 16:39:06Z INFO HostContext] Well known directory 'Root': '/Users/gnanamuthup/Documents/Github/UploadResume/actions-runner'
[2025-06-02 16:39:06Z INFO ProcessInvokerWrapper] Starting process:
[2025-06-02 16:39:06Z INFO ProcessInvokerWrapper]   File name: '/bin/chmod'
[2025-06-02 16:39:06Z INFO ProcessInvokerWrapper]   Arguments: '600 /Users/gnanamuthup/Documents/Github/UploadResume/actions-runner/.credentials_rsaparams'
[2025-06-02 16:39:06Z INFO ProcessInvokerWrapper]   Working directory: '/Users/gnanamuthup/Documents/Github/UploadResume/actions-runner'
[2025-06-02 16:39:06Z INFO ProcessInvokerWrapper]   Require exit code zero: 'False'
[2025-06-02 16:39:06Z INFO ProcessInvokerWrapper]   Encoding web name:  ; code page: ''
[2025-06-02 16:39:06Z INFO ProcessInvokerWrapper]   Force kill process on cancellation: 'False'
[2025-06-02 16:39:06Z INFO ProcessInvokerWrapper]   Redirected STDIN: 'False'
[2025-06-02 16:39:06Z INFO ProcessInvokerWrapper]   Persist current code page: 'False'
[2025-06-02 16:39:06Z INFO ProcessInvokerWrapper]   Keep redirected STDIN open: 'False'
[2025-06-02 16:39:06Z INFO ProcessInvokerWrapper]   High priority process: 'False'
[2025-06-02 16:39:07Z INFO ProcessInvokerWrapper] Process started with process id 1660, waiting for process exit.
[2025-06-02 16:39:07Z INFO ProcessInvokerWrapper] STDOUT/STDERR stream read finished.
[2025-06-02 16:39:07Z INFO ProcessInvokerWrapper] STDOUT/STDERR stream read finished.
[2025-06-02 16:39:07Z INFO ProcessInvokerWrapper] Finished process 1660 with exit code 0, and elapsed time 00:00:00.4552768.
[2025-06-02 16:39:07Z INFO RSAFileKeyManager] Successfully set permissions for RSA key parameters file /Users/gnanamuthup/Documents/Github/UploadResume/actions-runner/.credentials_rsaparams
[2025-06-02 16:39:07Z INFO CommandSettings] Arg 'runnergroup': ''
[2025-06-02 16:39:07Z INFO CommandSettings] Flag 'unattended': 'False'
[2025-06-02 16:39:07Z INFO PromptManager] ReadValue
[2025-06-02 16:39:07Z INFO Terminal] WRITE: Enter the name of the runner group to add this runner to: 
[2025-06-02 16:39:07Z INFO Terminal] WRITE: [press Enter for Default] 
[2025-06-02 16:39:07Z INFO Terminal] READ LINE
[2025-06-02 16:39:12Z INFO Terminal] Read value: ''
[2025-06-02 16:39:12Z INFO PromptManager] Falling back to the default: 'Default'
[2025-06-02 16:39:12Z INFO Terminal] WRITE LINE: 
[2025-06-02 16:39:12Z INFO ConfigurationManager] Found a self-hosted runner group with id 1 and name Default
[2025-06-02 16:39:12Z INFO CommandSettings] Flag 'disableupdate': 'False'
[2025-06-02 16:39:12Z INFO CommandSettings] Flag 'ephemeral': 'False'
[2025-06-02 16:39:12Z INFO CommandSettings] Arg 'name': ''
[2025-06-02 16:39:12Z INFO CommandSettings] Flag 'unattended': 'False'
[2025-06-02 16:39:12Z INFO PromptManager] ReadValue
[2025-06-02 16:39:12Z INFO Terminal] WRITE: Enter the name of runner: 
[2025-06-02 16:39:12Z INFO Terminal] WRITE: [press Enter for GnanaMuthus-Air] 
[2025-06-02 16:39:12Z INFO Terminal] READ LINE
[2025-06-02 16:39:19Z INFO Terminal] Read value: ''
[2025-06-02 16:39:19Z INFO PromptManager] Falling back to the default: 'GnanaMuthus-Air'
[2025-06-02 16:39:19Z INFO Terminal] WRITE LINE: 
[2025-06-02 16:39:19Z INFO CommandSettings] Arg 'labels': ''
[2025-06-02 16:39:19Z INFO CommandSettings] Flag 'unattended': 'False'
[2025-06-02 16:39:19Z INFO PromptManager] ReadValue
[2025-06-02 16:39:19Z INFO Terminal] WRITE: This runner will have the following labels: 'self-hosted', 'macOS', 'X64' 
Enter any additional labels (ex. label-1,label-2): 
[2025-06-02 16:39:19Z INFO Terminal] WRITE: [press Enter to skip] 
[2025-06-02 16:39:19Z INFO Terminal] READ LINE
[2025-06-02 16:39:23Z INFO Terminal] Read value: ''
[2025-06-02 16:39:23Z INFO Terminal] WRITE LINE: 
[2025-06-02 16:39:23Z INFO CommandSettings] Flag 'disableupdate': 'False'
[2025-06-02 16:39:23Z INFO CommandSettings] Flag 'no-default-labels': 'False'
[2025-06-02 16:39:24Z INFO CommandSettings] Flag 'disableupdate': 'False'
[2025-06-02 16:39:24Z INFO CommandSettings] Flag 'ephemeral': 'False'
[2025-06-02 16:39:24Z INFO ConfigurationStore] Saving OAuth credential @ /Users/gnanamuthup/Documents/Github/UploadResume/actions-runner/.credentials
[2025-06-02 16:39:24Z INFO ConfigurationStore] Credentials Saved.
[2025-06-02 16:39:24Z INFO ConfigurationStore] HasCredentials()
[2025-06-02 16:39:24Z INFO ConfigurationStore] stored True
[2025-06-02 16:39:24Z INFO CredentialManager] GetCredentialProvider
[2025-06-02 16:39:24Z INFO CredentialManager] Creating type OAuth
[2025-06-02 16:39:24Z INFO CredentialManager] Creating credential type: OAuth
[2025-06-02 16:39:24Z INFO RSAFileKeyManager] Loading RSA key parameters from file /Users/gnanamuthup/Documents/Github/UploadResume/actions-runner/.credentials_rsaparams
[2025-06-02 16:39:24Z INFO RunnerServer] EstablishVssConnection
[2025-06-02 16:39:24Z INFO RunnerServer] Establish connection with 100 seconds timeout.
[2025-06-02 16:39:24Z INFO GitHubActionsService] Starting operation Location.GetConnectionData
[2025-06-02 16:39:24Z INFO RunnerServer] EstablishVssConnection
[2025-06-02 16:39:24Z INFO RunnerServer] Establish connection with 60 seconds timeout.
[2025-06-02 16:39:24Z INFO GitHubActionsService] Starting operation Location.GetConnectionData
[2025-06-02 16:39:24Z INFO RunnerServer] EstablishVssConnection
[2025-06-02 16:39:24Z INFO RunnerServer] Establish connection with 60 seconds timeout.
[2025-06-02 16:39:24Z INFO GitHubActionsService] Starting operation Location.GetConnectionData
[2025-06-02 16:39:26Z INFO GitHubActionsService] Finished operation Location.GetConnectionData
[2025-06-02 16:39:26Z INFO GitHubActionsService] Finished operation Location.GetConnectionData
[2025-06-02 16:39:26Z INFO GitHubActionsService] Finished operation Location.GetConnectionData
[2025-06-02 16:39:26Z INFO RSAFileKeyManager] Loading RSA key parameters from file /Users/gnanamuthup/Documents/Github/UploadResume/actions-runner/.credentials_rsaparams
[2025-06-02 16:39:26Z INFO RSAFileKeyManager] Loading RSA key parameters from file /Users/gnanamuthup/Documents/Github/UploadResume/actions-runner/.credentials_rsaparams
[2025-06-02 16:39:28Z INFO GitHubActionsService] AAD Correlation ID for this token request: Unknown
[2025-06-02 16:39:28Z WARN GitHubActionsService] Retrieving an AAD auth token took a long time (2.3500278 seconds)
[2025-06-02 16:39:29Z INFO CommandSettings] Arg 'work': ''
[2025-06-02 16:39:29Z INFO CommandSettings] Flag 'unattended': 'False'
[2025-06-02 16:39:29Z INFO PromptManager] ReadValue
[2025-06-02 16:39:29Z INFO Terminal] WRITE: Enter name of work folder: 
[2025-06-02 16:39:29Z INFO Terminal] WRITE: [press Enter for _work] 
[2025-06-02 16:39:29Z INFO Terminal] READ LINE
[2025-06-02 16:39:29Z INFO Terminal] Read value: ''
[2025-06-02 16:39:29Z INFO PromptManager] Falling back to the default: '_work'
[2025-06-02 16:39:29Z INFO ConfigurationStore] Saving runner settings.
[2025-06-02 16:39:29Z INFO ConfigurationStore] Settings Saved.
[2025-06-02 16:39:29Z INFO Terminal] WRITE LINE: 
[2025-06-02 16:39:29Z INFO Terminal] WRITE LINE: 
[2025-06-02 16:39:29Z INFO OsxServiceControlManager] Service name 'actions.runner.Gnana-Muthu-UploadResume.GnanaMuthus-Air' display name 'GitHub Actions Runner (Gnana-Muthu-UploadResume.GnanaMuthus-Air)' will be used for service configuration.
[2025-06-02 16:39:29Z INFO HostContext] Well known directory 'Bin': '/Users/gnanamuthup/Documents/Github/UploadResume/actions-runner/bin'
[2025-06-02 16:39:29Z INFO HostContext] Well known directory 'Root': '/Users/gnanamuthup/Documents/Github/UploadResume/actions-runner'
[2025-06-02 16:39:29Z INFO HostContext] Well known directory 'Bin': '/Users/gnanamuthup/Documents/Github/UploadResume/actions-runner/bin'
[2025-06-02 16:39:29Z INFO HostContext] Well known directory 'Bin': '/Users/gnanamuthup/Documents/Github/UploadResume/actions-runner/bin'
[2025-06-02 16:39:29Z INFO HostContext] Well known directory 'Root': '/Users/gnanamuthup/Documents/Github/UploadResume/actions-runner'
[2025-06-02 16:39:29Z INFO UnixUtil] Which2: 'chmod'
[2025-06-02 16:39:29Z INFO UnixUtil] Location: '/bin/chmod'
[2025-06-02 16:39:29Z INFO UnixUtil] Running /bin/chmod 755 "/Users/gnanamuthup/Documents/Github/UploadResume/actions-runner/svc.sh"
[2025-06-02 16:39:29Z INFO ProcessInvokerWrapper] Starting process:
[2025-06-02 16:39:29Z INFO ProcessInvokerWrapper]   File name: '/bin/chmod'
[2025-06-02 16:39:29Z INFO ProcessInvokerWrapper]   Arguments: '755 "/Users/gnanamuthup/Documents/Github/UploadResume/actions-runner/svc.sh"'
[2025-06-02 16:39:29Z INFO ProcessInvokerWrapper]   Working directory: '/Users/gnanamuthup/Documents/Github/UploadResume/actions-runner'
[2025-06-02 16:39:29Z INFO ProcessInvokerWrapper]   Require exit code zero: 'True'
[2025-06-02 16:39:29Z INFO ProcessInvokerWrapper]   Encoding web name:  ; code page: ''
[2025-06-02 16:39:29Z INFO ProcessInvokerWrapper]   Force kill process on cancellation: 'False'
[2025-06-02 16:39:29Z INFO ProcessInvokerWrapper]   Redirected STDIN: 'False'
[2025-06-02 16:39:29Z INFO ProcessInvokerWrapper]   Persist current code page: 'False'
[2025-06-02 16:39:29Z INFO ProcessInvokerWrapper]   Keep redirected STDIN open: 'False'
[2025-06-02 16:39:29Z INFO ProcessInvokerWrapper]   High priority process: 'False'
[2025-06-02 16:39:29Z INFO ProcessInvokerWrapper] Process started with process id 1661, waiting for process exit.
[2025-06-02 16:39:29Z INFO ProcessInvokerWrapper] STDOUT/STDERR stream read finished.
[2025-06-02 16:39:29Z INFO ProcessInvokerWrapper] STDOUT/STDERR stream read finished.
[2025-06-02 16:39:29Z INFO ProcessInvokerWrapper] Finished process 1661 with exit code 0, and elapsed time 00:00:00.0226913.
[2025-06-02 16:39:29Z INFO Listener] Runner execution has finished with return code 0
