[2025-06-02 16:39:41Z INFO HostContext] No proxy settings were found based on environmental variables (http_proxy/https_proxy/HTTP_PROXY/HTTPS_PROXY)
[2025-06-02 16:39:41Z INFO HostContext] Well known directory 'Bin': '/Users/gnanamuthup/Documents/Github/UploadResume/actions-runner/bin'
[2025-06-02 16:39:41Z INFO HostContext] Well known directory 'Root': '/Users/gnanamuthup/Documents/Github/UploadResume/actions-runner'
[2025-06-02 16:39:41Z INFO HostContext] Well known config file 'Credentials': '/Users/gnanamuthup/Documents/Github/UploadResume/actions-runner/.credentials'
[2025-06-02 16:39:41Z INFO HostContext] Well known directory 'Bin': '/Users/gnanamuthup/Documents/Github/UploadResume/actions-runner/bin'
[2025-06-02 16:39:41Z INFO HostContext] Well known directory 'Root': '/Users/gnanamuthup/Documents/Github/UploadResume/actions-runner'
[2025-06-02 16:39:41Z INFO HostContext] Well known config file 'Runner': '/Users/gnanamuthup/Documents/Github/UploadResume/actions-runner/.runner'
[2025-06-02 16:39:41Z INFO Listener] Runner is built for OSX (X64) - osx-x64.
[2025-06-02 16:39:41Z INFO Listener] RuntimeInformation: Darwin 23.4.0 Darwin Kernel Version 23.4.0: Wed Feb 21 21:51:37 PST 2024; root:xnu-10063.101.15~2/RELEASE_ARM64_T8112.
[2025-06-02 16:39:41Z INFO Listener] Version: 2.324.0
[2025-06-02 16:39:41Z INFO Listener] Commit: da3412efd49b1cf1a0fbdcbcee4e4ac4cc2177c8
[2025-06-02 16:39:41Z INFO Listener] Culture: en-IN
[2025-06-02 16:39:41Z INFO Listener] UI Culture: en-IN
[2025-06-02 16:39:41Z INFO HostContext] Well known directory 'Bin': '/Users/gnanamuthup/Documents/Github/UploadResume/actions-runner/bin'
[2025-06-02 16:39:41Z INFO HostContext] Well known directory 'Root': '/Users/gnanamuthup/Documents/Github/UploadResume/actions-runner'
[2025-06-02 16:39:41Z INFO Listener] Validating directory permissions for: '/Users/gnanamuthup/Documents/Github/UploadResume/actions-runner'
[2025-06-02 16:39:41Z INFO CommandLineParser] Parse
[2025-06-02 16:39:41Z INFO CommandLineParser] Parsing 1 args
[2025-06-02 16:39:41Z INFO CommandLineParser] parsing argument
[2025-06-02 16:39:41Z INFO CommandLineParser] HasArgs: False
[2025-06-02 16:39:41Z INFO CommandLineParser] Adding Command: run
[2025-06-02 16:39:41Z INFO Listener] Arguments parsed
[2025-06-02 16:39:41Z INFO Runner] ExecuteCommand
[2025-06-02 16:39:41Z INFO ConfigurationStore] currentAssemblyLocation: /Users/gnanamuthup/Documents/Github/UploadResume/actions-runner/bin/Runner.Listener.dll
[2025-06-02 16:39:41Z INFO HostContext] Well known directory 'Bin': '/Users/gnanamuthup/Documents/Github/UploadResume/actions-runner/bin'
[2025-06-02 16:39:41Z INFO ConfigurationStore] binPath: /Users/gnanamuthup/Documents/Github/UploadResume/actions-runner/bin
[2025-06-02 16:39:41Z INFO HostContext] Well known directory 'Bin': '/Users/gnanamuthup/Documents/Github/UploadResume/actions-runner/bin'
[2025-06-02 16:39:41Z INFO HostContext] Well known directory 'Root': '/Users/gnanamuthup/Documents/Github/UploadResume/actions-runner'
[2025-06-02 16:39:41Z INFO ConfigurationStore] RootFolder: /Users/gnanamuthup/Documents/Github/UploadResume/actions-runner
[2025-06-02 16:39:41Z INFO HostContext] Well known directory 'Bin': '/Users/gnanamuthup/Documents/Github/UploadResume/actions-runner/bin'
[2025-06-02 16:39:41Z INFO HostContext] Well known directory 'Root': '/Users/gnanamuthup/Documents/Github/UploadResume/actions-runner'
[2025-06-02 16:39:41Z INFO HostContext] Well known config file 'Runner': '/Users/gnanamuthup/Documents/Github/UploadResume/actions-runner/.runner'
[2025-06-02 16:39:41Z INFO ConfigurationStore] ConfigFilePath: /Users/gnanamuthup/Documents/Github/UploadResume/actions-runner/.runner
[2025-06-02 16:39:41Z INFO HostContext] Well known directory 'Bin': '/Users/gnanamuthup/Documents/Github/UploadResume/actions-runner/bin'
[2025-06-02 16:39:41Z INFO HostContext] Well known directory 'Root': '/Users/gnanamuthup/Documents/Github/UploadResume/actions-runner'
[2025-06-02 16:39:41Z INFO HostContext] Well known config file 'MigratedRunner': '/Users/gnanamuthup/Documents/Github/UploadResume/actions-runner/.runner_migrated'
[2025-06-02 16:39:41Z INFO ConfigurationStore] MigratedConfigFilePath: /Users/gnanamuthup/Documents/Github/UploadResume/actions-runner/.runner_migrated
[2025-06-02 16:39:41Z INFO HostContext] Well known directory 'Bin': '/Users/gnanamuthup/Documents/Github/UploadResume/actions-runner/bin'
[2025-06-02 16:39:41Z INFO HostContext] Well known directory 'Root': '/Users/gnanamuthup/Documents/Github/UploadResume/actions-runner'
[2025-06-02 16:39:41Z INFO HostContext] Well known config file 'Credentials': '/Users/gnanamuthup/Documents/Github/UploadResume/actions-runner/.credentials'
[2025-06-02 16:39:41Z INFO ConfigurationStore] CredFilePath: /Users/gnanamuthup/Documents/Github/UploadResume/actions-runner/.credentials
[2025-06-02 16:39:41Z INFO HostContext] Well known directory 'Bin': '/Users/gnanamuthup/Documents/Github/UploadResume/actions-runner/bin'
[2025-06-02 16:39:41Z INFO HostContext] Well known directory 'Root': '/Users/gnanamuthup/Documents/Github/UploadResume/actions-runner'
[2025-06-02 16:39:41Z INFO HostContext] Well known config file 'MigratedCredentials': '/Users/gnanamuthup/Documents/Github/UploadResume/actions-runner/.credentials_migrated'
[2025-06-02 16:39:41Z INFO ConfigurationStore] MigratedCredFilePath: /Users/gnanamuthup/Documents/Github/UploadResume/actions-runner/.credentials_migrated
[2025-06-02 16:39:41Z INFO HostContext] Well known directory 'Bin': '/Users/gnanamuthup/Documents/Github/UploadResume/actions-runner/bin'
[2025-06-02 16:39:41Z INFO HostContext] Well known directory 'Root': '/Users/gnanamuthup/Documents/Github/UploadResume/actions-runner'
[2025-06-02 16:39:41Z INFO HostContext] Well known config file 'Service': '/Users/gnanamuthup/Documents/Github/UploadResume/actions-runner/.service'
[2025-06-02 16:39:41Z INFO ConfigurationStore] ServiceConfigFilePath: /Users/gnanamuthup/Documents/Github/UploadResume/actions-runner/.service
[2025-06-02 16:39:41Z INFO CommandSettings] Flag 'help': 'False'
[2025-06-02 16:39:41Z INFO CommandSettings] Flag 'version': 'False'
[2025-06-02 16:39:41Z INFO CommandSettings] Flag 'commit': 'False'
[2025-06-02 16:39:41Z INFO CommandSettings] Flag 'check': 'False'
[2025-06-02 16:39:41Z INFO CommandSettings] Command 'configure': 'False'
[2025-06-02 16:39:41Z INFO CommandSettings] Command 'remove': 'False'
[2025-06-02 16:39:41Z INFO CommandSettings] Command 'warmup': 'False'
[2025-06-02 16:39:41Z INFO ConfigurationManager] LoadSettings
[2025-06-02 16:39:41Z INFO ConfigurationStore] IsConfigured()
[2025-06-02 16:39:41Z INFO ConfigurationStore] IsConfigured: True
[2025-06-02 16:39:41Z INFO ConfigurationManager] Is configured: True
[2025-06-02 16:39:41Z INFO ConfigurationStore] Read setting file: 305 chars
[2025-06-02 16:39:41Z INFO ConfigurationManager] Settings Loaded
[2025-06-02 16:39:41Z INFO ConfigurationStore] IsServiceConfigured()
[2025-06-02 16:39:41Z INFO ConfigurationStore] IsServiceConfigured: False
[2025-06-02 16:39:41Z INFO CommandSettings] Command 'run': 'True'
[2025-06-02 16:39:41Z INFO ConfigurationStore] IsConfigured()
[2025-06-02 16:39:41Z INFO ConfigurationStore] IsConfigured: True
[2025-06-02 16:39:41Z INFO ConfigurationManager] Is configured: True
[2025-06-02 16:39:41Z INFO Runner] Could not parse the argument value '' for StartupType. Defaulting to Manual
[2025-06-02 16:39:41Z INFO Runner] Set runner startup type - Manual
[2025-06-02 16:39:41Z INFO CommandSettings] Flag 'once': 'False'
[2025-06-02 16:39:41Z INFO CommandSettings] Flag 'once': 'False'
[2025-06-02 16:39:41Z INFO Runner] RunAsync
[2025-06-02 16:39:41Z INFO ConfigurationManager] LoadMigratedSettings
[2025-06-02 16:39:41Z INFO ConfigurationStore] IsMigratedConfigured()
[2025-06-02 16:39:41Z INFO ConfigurationStore] IsMigratedConfigured: False
[2025-06-02 16:39:41Z INFO Runner] Failed to load migrated settings: No migrated configuration found.
[2025-06-02 16:39:41Z INFO Runner] Falling back to original .runner settings
[2025-06-02 16:39:41Z INFO ConfigurationManager] LoadSettings
[2025-06-02 16:39:41Z INFO ConfigurationStore] IsConfigured()
[2025-06-02 16:39:41Z INFO ConfigurationStore] IsConfigured: True
[2025-06-02 16:39:41Z INFO ConfigurationManager] Is configured: True
[2025-06-02 16:39:41Z INFO ConfigurationManager] Settings Loaded
[2025-06-02 16:39:41Z INFO MessageListener] {
  "AgentId": 2,
  "AgentName": "GnanaMuthus-Air",
  "PoolId": 1,
  "PoolName": "Default",
  "ServerUrl": "https://pipelinesghubeus5.actions.githubusercontent.com/wjjiQofcEaKZsNayVuU2g5d1If3hX62r0ZdLqN6hjCZNlDI1zQ/",
  "GitHubUrl": "https://github.com/Gnana-Muthu/UploadResume",
  "WorkFolder": "_work"
}
[2025-06-02 16:39:41Z INFO MessageListener] Loading Credentials
[2025-06-02 16:39:41Z INFO ConfigurationStore] HasCredentials()
[2025-06-02 16:39:41Z INFO ConfigurationStore] stored True
[2025-06-02 16:39:41Z INFO CredentialManager] GetCredentialProvider
[2025-06-02 16:39:41Z INFO CredentialManager] Creating type OAuth
[2025-06-02 16:39:41Z INFO CredentialManager] Creating credential type: OAuth
[2025-06-02 16:39:41Z INFO HostContext] Well known directory 'Bin': '/Users/gnanamuthup/Documents/Github/UploadResume/actions-runner/bin'
[2025-06-02 16:39:41Z INFO HostContext] Well known directory 'Root': '/Users/gnanamuthup/Documents/Github/UploadResume/actions-runner'
[2025-06-02 16:39:41Z INFO HostContext] Well known config file 'RSACredentials': '/Users/gnanamuthup/Documents/Github/UploadResume/actions-runner/.credentials_rsaparams'
[2025-06-02 16:39:41Z INFO RSAFileKeyManager] Loading RSA key parameters from file /Users/gnanamuthup/Documents/Github/UploadResume/actions-runner/.credentials_rsaparams
[2025-06-02 16:39:41Z INFO MessageListener] Attempt to create session.
[2025-06-02 16:39:41Z INFO MessageListener] Connecting to the Runner Server...
[2025-06-02 16:39:41Z INFO RunnerServer] EstablishVssConnection
[2025-06-02 16:39:41Z INFO RunnerServer] Establish connection with 100 seconds timeout.
[2025-06-02 16:39:41Z INFO GitHubActionsService] Starting operation Location.GetConnectionData
[2025-06-02 16:39:41Z INFO RunnerServer] EstablishVssConnection
[2025-06-02 16:39:41Z INFO RunnerServer] Establish connection with 60 seconds timeout.
[2025-06-02 16:39:41Z INFO GitHubActionsService] Starting operation Location.GetConnectionData
[2025-06-02 16:39:41Z INFO RunnerServer] EstablishVssConnection
[2025-06-02 16:39:41Z INFO RunnerServer] Establish connection with 60 seconds timeout.
[2025-06-02 16:39:41Z INFO GitHubActionsService] Starting operation Location.GetConnectionData
[2025-06-02 16:39:43Z INFO GitHubActionsService] Finished operation Location.GetConnectionData
[2025-06-02 16:39:43Z INFO GitHubActionsService] Finished operation Location.GetConnectionData
[2025-06-02 16:39:43Z INFO GitHubActionsService] Finished operation Location.GetConnectionData
[2025-06-02 16:39:43Z INFO MessageListener] VssConnection created
[2025-06-02 16:39:43Z INFO Terminal] WRITE LINE: 
[2025-06-02 16:39:43Z INFO Terminal] WRITE LINE: 
[2025-06-02 16:39:43Z INFO RSAFileKeyManager] Loading RSA key parameters from file /Users/gnanamuthup/Documents/Github/UploadResume/actions-runner/.credentials_rsaparams
[2025-06-02 16:39:43Z INFO RSAFileKeyManager] Loading RSA key parameters from file /Users/gnanamuthup/Documents/Github/UploadResume/actions-runner/.credentials_rsaparams
[2025-06-02 16:39:44Z INFO GitHubActionsService] AAD Correlation ID for this token request: Unknown
[2025-06-02 16:39:45Z INFO MessageListener] Session created.
[2025-06-02 16:39:45Z INFO MessageListener] Registering AuthMigrationChanged event handler.
[2025-06-02 16:39:45Z INFO Terminal] WRITE LINE: Current runner version: '2.324.0'
[2025-06-02 16:39:45Z INFO Terminal] WRITE LINE: 2025-06-02 16:39:45Z: Listening for Jobs
[2025-06-02 16:39:45Z INFO JobDispatcher] Set runner/worker IPC timeout to 30 seconds.
[2025-06-02 16:39:45Z INFO ConfigurationStore] HasCredentials()
[2025-06-02 16:39:45Z INFO ConfigurationStore] stored True
[2025-06-02 16:39:45Z INFO CredentialManager] GetCredentialProvider
[2025-06-02 16:39:45Z INFO CredentialManager] Creating type OAuth
[2025-06-02 16:39:45Z INFO CredentialManager] Creating credential type: OAuth
[2025-06-02 16:39:45Z INFO RSAFileKeyManager] Loading RSA key parameters from file /Users/gnanamuthup/Documents/Github/UploadResume/actions-runner/.credentials_rsaparams
[2025-06-02 16:39:46Z INFO RSAFileKeyManager] Loading RSA key parameters from file /Users/gnanamuthup/Documents/Github/UploadResume/actions-runner/.credentials_rsaparams
[2025-06-02 16:39:46Z INFO RSAFileKeyManager] Loading RSA key parameters from file /Users/gnanamuthup/Documents/Github/UploadResume/actions-runner/.credentials_rsaparams
[2025-06-02 16:39:47Z INFO GitHubActionsService] AAD Correlation ID for this token request: Unknown
[2025-06-02 16:40:40Z INFO ConfigurationStore] HasCredentials()
[2025-06-02 16:40:40Z INFO ConfigurationStore] stored True
[2025-06-02 16:40:40Z INFO CredentialManager] GetCredentialProvider
[2025-06-02 16:40:40Z INFO CredentialManager] Creating type OAuth
[2025-06-02 16:40:40Z INFO CredentialManager] Creating credential type: OAuth
[2025-06-02 16:40:40Z INFO RSAFileKeyManager] Loading RSA key parameters from file /Users/gnanamuthup/Documents/Github/UploadResume/actions-runner/.credentials_rsaparams
[2025-06-02 16:41:31Z INFO ConfigurationStore] HasCredentials()
[2025-06-02 16:41:31Z INFO ConfigurationStore] stored True
[2025-06-02 16:41:31Z INFO CredentialManager] GetCredentialProvider
[2025-06-02 16:41:31Z INFO CredentialManager] Creating type OAuth
[2025-06-02 16:41:31Z INFO CredentialManager] Creating credential type: OAuth
[2025-06-02 16:41:31Z INFO RSAFileKeyManager] Loading RSA key parameters from file /Users/gnanamuthup/Documents/Github/UploadResume/actions-runner/.credentials_rsaparams
[2025-06-02 16:42:22Z INFO ConfigurationStore] HasCredentials()
[2025-06-02 16:42:22Z INFO ConfigurationStore] stored True
[2025-06-02 16:42:22Z INFO CredentialManager] GetCredentialProvider
[2025-06-02 16:42:22Z INFO CredentialManager] Creating type OAuth
[2025-06-02 16:42:22Z INFO CredentialManager] Creating credential type: OAuth
[2025-06-02 16:42:22Z INFO RSAFileKeyManager] Loading RSA key parameters from file /Users/gnanamuthup/Documents/Github/UploadResume/actions-runner/.credentials_rsaparams
[2025-06-02 16:43:13Z INFO ConfigurationStore] HasCredentials()
[2025-06-02 16:43:13Z INFO ConfigurationStore] stored True
[2025-06-02 16:43:13Z INFO CredentialManager] GetCredentialProvider
[2025-06-02 16:43:13Z INFO CredentialManager] Creating type OAuth
[2025-06-02 16:43:13Z INFO CredentialManager] Creating credential type: OAuth
[2025-06-02 16:43:13Z INFO RSAFileKeyManager] Loading RSA key parameters from file /Users/gnanamuthup/Documents/Github/UploadResume/actions-runner/.credentials_rsaparams
[2025-06-02 16:44:03Z INFO ConfigurationStore] HasCredentials()
[2025-06-02 16:44:03Z INFO ConfigurationStore] stored True
[2025-06-02 16:44:03Z INFO CredentialManager] GetCredentialProvider
[2025-06-02 16:44:03Z INFO CredentialManager] Creating type OAuth
[2025-06-02 16:44:03Z INFO CredentialManager] Creating credential type: OAuth
[2025-06-02 16:44:03Z INFO RSAFileKeyManager] Loading RSA key parameters from file /Users/gnanamuthup/Documents/Github/UploadResume/actions-runner/.credentials_rsaparams
[2025-06-02 16:44:54Z INFO ConfigurationStore] HasCredentials()
[2025-06-02 16:44:54Z INFO ConfigurationStore] stored True
[2025-06-02 16:44:54Z INFO CredentialManager] GetCredentialProvider
[2025-06-02 16:44:54Z INFO CredentialManager] Creating type OAuth
[2025-06-02 16:44:54Z INFO CredentialManager] Creating credential type: OAuth
[2025-06-02 16:44:54Z INFO RSAFileKeyManager] Loading RSA key parameters from file /Users/gnanamuthup/Documents/Github/UploadResume/actions-runner/.credentials_rsaparams
[2025-06-02 16:45:45Z INFO ConfigurationStore] HasCredentials()
[2025-06-02 16:45:45Z INFO ConfigurationStore] stored True
[2025-06-02 16:45:45Z INFO CredentialManager] GetCredentialProvider
[2025-06-02 16:45:45Z INFO CredentialManager] Creating type OAuth
[2025-06-02 16:45:45Z INFO CredentialManager] Creating credential type: OAuth
[2025-06-02 16:45:45Z INFO RSAFileKeyManager] Loading RSA key parameters from file /Users/gnanamuthup/Documents/Github/UploadResume/actions-runner/.credentials_rsaparams
[2025-06-02 16:46:36Z INFO ConfigurationStore] HasCredentials()
[2025-06-02 16:46:36Z INFO ConfigurationStore] stored True
[2025-06-02 16:46:36Z INFO CredentialManager] GetCredentialProvider
[2025-06-02 16:46:36Z INFO CredentialManager] Creating type OAuth
[2025-06-02 16:46:36Z INFO CredentialManager] Creating credential type: OAuth
[2025-06-02 16:46:36Z INFO RSAFileKeyManager] Loading RSA key parameters from file /Users/gnanamuthup/Documents/Github/UploadResume/actions-runner/.credentials_rsaparams
[2025-06-02 16:47:27Z INFO ConfigurationStore] HasCredentials()
[2025-06-02 16:47:27Z INFO ConfigurationStore] stored True
[2025-06-02 16:47:27Z INFO CredentialManager] GetCredentialProvider
[2025-06-02 16:47:27Z INFO CredentialManager] Creating type OAuth
[2025-06-02 16:47:27Z INFO CredentialManager] Creating credential type: OAuth
[2025-06-02 16:47:27Z INFO RSAFileKeyManager] Loading RSA key parameters from file /Users/gnanamuthup/Documents/Github/UploadResume/actions-runner/.credentials_rsaparams
